<?xml version="1.0" encoding="UTF-8"?>
<!-- Generated by org.testng.reporters.JUnitReportReporter -->
<testsuite name="com.course.cases.GetUserInfoTest" tests="1" time="2.042" ignored="0" failures="0" timestamp="09 五月 2019 13:51:31 GMT" skipped="0" hostname="DESKTOP-JG1UH91" errors="0">
  <testcase name="getUserInfo" time="2.042" classname="com.course.cases.GetUserInfoTest"/>
</testsuite> <!-- com.course.cases.GetUserInfoTest -->
