<?xml version="1.0" encoding="UTF-8"?>
<!-- Generated by org.testng.reporters.JUnitReportReporter -->
<testsuite name="com.course.cases.UpdateUserInfoTest" tests="2" time="4.062" ignored="0" failures="0" timestamp="09 五月 2019 13:51:31 GMT" skipped="0" hostname="DESKTOP-JG1UH91" errors="0">
  <testcase name="updateUserInfo" time="2.032" classname="com.course.cases.UpdateUserInfoTest"/>
  <testcase name="deleteUser" time="2.030" classname="com.course.cases.UpdateUserInfoTest"/>
</testsuite> <!-- com.course.cases.UpdateUserInfoTest -->
