<?xml version="1.0" encoding="UTF-8"?>
<!-- Generated by org.testng.reporters.JUnitReportReporter -->
<testsuite name="com.course.cases.LoginTest" tests="2" time="0.898" ignored="0" failures="0" timestamp="09 五月 2019 13:51:31 GMT" skipped="0" hostname="DESKTOP-JG1UH91" errors="0">
  <testcase name="loginFalse" time="0.044" classname="com.course.cases.LoginTest"/>
  <testcase name="loginTrue" time="0.854" classname="com.course.cases.LoginTest"/>
</testsuite> <!-- com.course.cases.LoginTest -->
