<?xml version="1.0" encoding="UTF-8"?>
<!-- Generated by org.testng.reporters.JUnitReportReporter -->
<testsuite name="com.course.cases.GetUserInfoListTest" tests="1" time="2.049" ignored="0" failures="0" timestamp="09 五月 2019 13:51:31 GMT" skipped="0" hostname="DESKTOP-JG1UH91" errors="0">
  <testcase name="getUserListInfo" time="2.049" classname="com.course.cases.GetUserInfoListTest"/>
</testsuite> <!-- com.course.cases.GetUserInfoListTest -->
