<?xml version="1.0" encoding="UTF-8" ?>
<testsuite tests="7" failures="0" name="TestSuite" time="12.931" errors="0" skipped="0">
  <properties>
    <property name="java.runtime.name" value="Java(TM) SE Runtime Environment"/>
    <property name="sun.boot.library.path" value="D:\development\Java\jdk1.8.0_191\jre\bin"/>
    <property name="java.vm.version" value="25.191-b12"/>
    <property name="java.vm.vendor" value="Oracle Corporation"/>
    <property name="java.vendor.url" value="http://java.oracle.com/"/>
    <property name="path.separator" value=";"/>
    <property name="java.vm.name" value="Java HotSpot(TM) 64-Bit Server VM"/>
    <property name="file.encoding.pkg" value="sun.io"/>
    <property name="user.script" value=""/>
    <property name="user.country" value="CN"/>
    <property name="sun.java.launcher" value="SUN_STANDARD"/>
    <property name="sun.os.patch.level" value=""/>
    <property name="java.vm.specification.name" value="Java Virtual Machine Specification"/>
    <property name="user.dir" value="C:\Users\28312\Desktop\muke\AutoTest\Chapter12"/>
    <property name="java.runtime.version" value="1.8.0_191-b12"/>
    <property name="java.awt.graphicsenv" value="sun.awt.Win32GraphicsEnvironment"/>
    <property name="basedir" value="C:\Users\28312\Desktop\muke\AutoTest\Chapter12"/>
    <property name="java.endorsed.dirs" value="D:\development\Java\jdk1.8.0_191\jre\lib\endorsed"/>
    <property name="os.arch" value="amd64"/>
    <property name="surefire.real.class.path" value="C:\Users\28312\Desktop\muke\AutoTest\Chapter12\target\surefire\surefirebooter4496016999166056805.jar"/>
    <property name="java.io.tmpdir" value="C:\Users\28312\AppData\Local\Temp\"/>
    <property name="line.separator" value="
"/>
    <property name="java.vm.specification.vendor" value="Oracle Corporation"/>
    <property name="user.variant" value=""/>
    <property name="os.name" value="Windows 10"/>
    <property name="sun.jnu.encoding" value="GBK"/>
    <property name="java.library.path" value="D:\development\Java\jdk1.8.0_191\jre\bin;C:\Windows\Sun\Java\bin;C:\Windows\system32;C:\Windows;D:\development\tools\Git\mingw64\bin;D:\development\tools\Git\usr\bin;C:\Users\28312\bin;C:\Program Files (x86)\Intel\Intel(R) Management Engine Components\iCLS;C:\Program Files\Intel\Intel(R) Management Engine Components\iCLS;C:\Windows\system32;C:\Windows;C:\Windows\System32\Wbem;C:\Windows\System32\WindowsPowerShell\v1.0;C:\Windows\System32\OpenSSH;C:\Program Files (x86)\Intel\Intel(R) Management Engine Components\DAL;C:\Program Files\Intel\Intel(R) Management Engine Components\DAL;C:\Program Files (x86)\Intel\Intel(R) Management Engine Components\IPT;C:\Program Files\Intel\Intel(R) Management Engine Components\IPT;C:\Program Files (x86)\NVIDIA Corporation\PhysX\Common;D:\development\Java\jdk1.8.0_191\bin;D:\development\Java\apache-ant-1.10.5\bin;D:\development\Android\android-sdk\platform-tools;D:\development\Android\android-sdk\tools;D:\Program Files\Nox\bin;D:\development\tools\Appium\node_modules\.bin;D:\development\tools\node.js;D:\development\tools\apache-maven-3.2.5\bin;C:\Program Files\NVIDIA Corporation\NVIDIA NvDLISR;D:\development\tools\Git\cmd;D:\development\tools\mysql-8.0.16-winx64\bin;."/>
    <property name="surefire.test.class.path" value="C:\Users\28312\Desktop\muke\AutoTest\Chapter12\target\test-classes;C:\Users\28312\Desktop\muke\AutoTest\Chapter12\target\classes;C:\Users\28312\.m2\repository\org\apache\httpcomponents\httpclient\4.1.2\httpclient-4.1.2.jar;C:\Users\28312\.m2\repository\org\apache\httpcomponents\httpcore\4.1.2\httpcore-4.1.2.jar;C:\Users\28312\.m2\repository\commons-logging\commons-logging\1.1.1\commons-logging-1.1.1.jar;C:\Users\28312\.m2\repository\commons-codec\commons-codec\1.4\commons-codec-1.4.jar;C:\Users\28312\.m2\repository\org\json\json\20170516\json-20170516.jar;C:\Users\28312\.m2\repository\org\mybatis\mybatis\3.4.4\mybatis-3.4.4.jar;C:\Users\28312\.m2\repository\mysql\mysql-connector-java\5.1.6\mysql-connector-java-5.1.6.jar;C:\Users\28312\.m2\repository\org\projectlombok\lombok\1.16.14\lombok-1.16.14.jar;C:\Users\28312\.m2\repository\com\relevantcodes\extentreports\2.41.1\extentreports-2.41.1.jar;C:\Users\28312\.m2\repository\org\jsoup\jsoup\1.8.3\jsoup-1.8.3.jar;C:\Users\28312\.m2\repository\org\xerial\sqlite-jdbc\3.8.11.1\sqlite-jdbc-3.8.11.1.jar;C:\Users\28312\.m2\repository\org\freemarker\freemarker\2.3.23\freemarker-2.3.23.jar;C:\Users\28312\.m2\repository\org\mongodb\mongodb-driver\3.0.4\mongodb-driver-3.0.4.jar;C:\Users\28312\.m2\repository\org\mongodb\bson\3.0.4\bson-3.0.4.jar;C:\Users\28312\.m2\repository\org\mongodb\mongodb-driver-core\3.0.4\mongodb-driver-core-3.0.4.jar;C:\Users\28312\.m2\repository\com\vimalselvam\testng-extentsreport\1.3.1\testng-extentsreport-1.3.1.jar;C:\Users\28312\.m2\repository\com\google\guava\guava\20.0\guava-20.0.jar;C:\Users\28312\.m2\repository\com\aventstack\extentreports\3.0.6\extentreports-3.0.6.jar;C:\Users\28312\.m2\repository\org\apache\httpcomponents\httpmime\4.5.2\httpmime-4.5.2.jar;C:\Users\28312\.m2\repository\org\testng\testng\6.10\testng-6.10.jar;C:\Users\28312\.m2\repository\com\beust\jcommander\1.48\jcommander-1.48.jar;"/>
    <property name="java.specification.name" value="Java Platform API Specification"/>
    <property name="java.class.version" value="52.0"/>
    <property name="sun.management.compiler" value="HotSpot 64-Bit Tiered Compilers"/>
    <property name="os.version" value="10.0"/>
    <property name="user.home" value="C:\Users\28312"/>
    <property name="user.timezone" value="Asia/Shanghai"/>
    <property name="java.awt.printerjob" value="sun.awt.windows.WPrinterJob"/>
    <property name="java.specification.version" value="1.8"/>
    <property name="file.encoding" value="GBK"/>
    <property name="user.name" value="28312"/>
    <property name="java.class.path" value="C:\Users\28312\Desktop\muke\AutoTest\Chapter12\target\test-classes;C:\Users\28312\Desktop\muke\AutoTest\Chapter12\target\classes;C:\Users\28312\.m2\repository\org\apache\httpcomponents\httpclient\4.1.2\httpclient-4.1.2.jar;C:\Users\28312\.m2\repository\org\apache\httpcomponents\httpcore\4.1.2\httpcore-4.1.2.jar;C:\Users\28312\.m2\repository\commons-logging\commons-logging\1.1.1\commons-logging-1.1.1.jar;C:\Users\28312\.m2\repository\commons-codec\commons-codec\1.4\commons-codec-1.4.jar;C:\Users\28312\.m2\repository\org\json\json\20170516\json-20170516.jar;C:\Users\28312\.m2\repository\org\mybatis\mybatis\3.4.4\mybatis-3.4.4.jar;C:\Users\28312\.m2\repository\mysql\mysql-connector-java\5.1.6\mysql-connector-java-5.1.6.jar;C:\Users\28312\.m2\repository\org\projectlombok\lombok\1.16.14\lombok-1.16.14.jar;C:\Users\28312\.m2\repository\com\relevantcodes\extentreports\2.41.1\extentreports-2.41.1.jar;C:\Users\28312\.m2\repository\org\jsoup\jsoup\1.8.3\jsoup-1.8.3.jar;C:\Users\28312\.m2\repository\org\xerial\sqlite-jdbc\3.8.11.1\sqlite-jdbc-3.8.11.1.jar;C:\Users\28312\.m2\repository\org\freemarker\freemarker\2.3.23\freemarker-2.3.23.jar;C:\Users\28312\.m2\repository\org\mongodb\mongodb-driver\3.0.4\mongodb-driver-3.0.4.jar;C:\Users\28312\.m2\repository\org\mongodb\bson\3.0.4\bson-3.0.4.jar;C:\Users\28312\.m2\repository\org\mongodb\mongodb-driver-core\3.0.4\mongodb-driver-core-3.0.4.jar;C:\Users\28312\.m2\repository\com\vimalselvam\testng-extentsreport\1.3.1\testng-extentsreport-1.3.1.jar;C:\Users\28312\.m2\repository\com\google\guava\guava\20.0\guava-20.0.jar;C:\Users\28312\.m2\repository\com\aventstack\extentreports\3.0.6\extentreports-3.0.6.jar;C:\Users\28312\.m2\repository\org\apache\httpcomponents\httpmime\4.5.2\httpmime-4.5.2.jar;C:\Users\28312\.m2\repository\org\testng\testng\6.10\testng-6.10.jar;C:\Users\28312\.m2\repository\com\beust\jcommander\1.48\jcommander-1.48.jar;"/>
    <property name="java.vm.specification.version" value="1.8"/>
    <property name="sun.arch.data.model" value="64"/>
    <property name="java.home" value="D:\development\Java\jdk1.8.0_191\jre"/>
    <property name="sun.java.command" value="C:\Users\28312\Desktop\muke\AutoTest\Chapter12\target\surefire\surefirebooter4496016999166056805.jar C:\Users\28312\Desktop\muke\AutoTest\Chapter12\target\surefire\surefire3760263523682374460tmp C:\Users\28312\Desktop\muke\AutoTest\Chapter12\target\surefire\surefire4011506817007333949tmp"/>
    <property name="java.specification.vendor" value="Oracle Corporation"/>
    <property name="user.language" value="zh"/>
    <property name="awt.toolkit" value="sun.awt.windows.WToolkit"/>
    <property name="java.vm.info" value="mixed mode"/>
    <property name="java.version" value="1.8.0_191"/>
    <property name="java.ext.dirs" value="D:\development\Java\jdk1.8.0_191\jre\lib\ext;C:\Windows\Sun\Java\lib\ext"/>
    <property name="sun.boot.class.path" value="D:\development\Java\jdk1.8.0_191\jre\lib\resources.jar;D:\development\Java\jdk1.8.0_191\jre\lib\rt.jar;D:\development\Java\jdk1.8.0_191\jre\lib\sunrsasign.jar;D:\development\Java\jdk1.8.0_191\jre\lib\jsse.jar;D:\development\Java\jdk1.8.0_191\jre\lib\jce.jar;D:\development\Java\jdk1.8.0_191\jre\lib\charsets.jar;D:\development\Java\jdk1.8.0_191\jre\lib\jfr.jar;D:\development\Java\jdk1.8.0_191\jre\classes"/>
    <property name="java.vendor" value="Oracle Corporation"/>
    <property name="localRepository" value="C:\Users\28312\.m2\repository"/>
    <property name="file.separator" value="\"/>
    <property name="java.vendor.url.bug" value="http://bugreport.sun.com/bugreport/"/>
    <property name="sun.cpu.endian" value="little"/>
    <property name="sun.io.unicode.encoding" value="UnicodeLittle"/>
    <property name="sun.desktop" value="windows"/>
    <property name="sun.cpu.isalist" value="amd64"/>
  </properties>
  <testcase classname="com.course.cases.LoginTest" name="loginTrue" time="0.854"/>
  <testcase classname="com.course.cases.LoginTest" name="loginFalse" time="0.044"/>
  <testcase classname="com.course.cases.AddUserTest" name="addUser" time="3.093"/>
  <testcase classname="com.course.cases.GetUserInfoTest" name="getUserInfo" time="2.042"/>
  <testcase classname="com.course.cases.GetUserInfoListTest" name="getUserListInfo" time="2.049"/>
  <testcase classname="com.course.cases.UpdateUserInfoTest" name="updateUserInfo" time="2.032"/>
  <testcase classname="com.course.cases.UpdateUserInfoTest" name="deleteUser" time="2.03"/>
</testsuite>